#
# A fatal error has been detected by the Java Runtime Environment:
#
#  EXCEPTION_ACCESS_VIOLATION (0xc0000005) at pc=0x68e8d413, pid=5540, tid=0x000032a4
#
# JRE version: Java(TM) SE Runtime Environment (8.0_181-b13) (build 1.8.0_181-b13)
# Java VM: Dynamic Code Evolution Server VM (25.71-b01-dcevmlight-30 mixed mode windows-x86 )
# Problematic frame:
# V  [jvm.dll+0x9d413]
#
# Failed to write core dump. Minidumps are not enabled by default on client versions of Windows
#
# If you would like to submit a bug report, please visit:
#   https://github.com/dcevm/dcevm/issues
#

---------------  T H R E A D  ---------------

Current thread (0x3e1cc800):  VMThread [stack: 0x3e3c0000,0x3e410000] [id=12964]

siginfo: ExceptionCode=0xc0000005, reading address 0x0000000c

Registers:
EAX=0x00000000, EBX=0x000000b7, ECX=0x00000000, EDX=0x3e1cc5ff
ESP=0x3e40f4c8, EBP=0x3e40f4c8, ESI=0x00000000, EDI=0x00000100
EIP=0x68e8d413, EFLAGS=0x00010202

Top of Stack: (sp=0x3e40f4c8)
0x3e40f4c8:   3e40f544 68f1eab1 00000000 00000002
0x3e40f4d8:   000000b7 46bf25e0 3e40f57c 3e40f594
0x3e40f4e8:   029ab910 00000008 00000003 00000004
0x3e40f4f8:   0e41f500 02c24720 02c20497 3e40f564
0x3e40f508:   3e40f51c 3e40f560 46bf25e0 00000002
0x3e40f518:   3e40f534 68e35a43 3e40f560 00000002
0x3e40f528:   3e40f560 46c14fc8 3e1cc800 3e40f54c
0x3e40f538:   68e93dbd 46bf25e0 00000002 3e40f5b4 

Instructions: (pc=0x68e8d413)
0x68e8d3f3:   87 2c 25 ff ff 00 00 8b 4c 87 2c 8d 44 87 2c 89
0x68e8d403:   4d 08 8b 45 08 8a d0 f6 d2 5f 5e f6 c2 01 74 07
0x68e8d413:   8b 40 0c 5d c2 04 00 83 e0 fe 5d c2 04 00 cc cc
0x68e8d423:   cc cc cc cc cc cc cc cc cc cc cc cc cc 55 8b ec 


Register to memory mapping:

EAX=0x00000000 is an unknown value
EBX=0x000000b7 is an unknown value
ECX=0x00000000 is an unknown value
EDX=0x3e1cc5ff is an unknown value
ESP=0x3e40f4c8 is an unknown value
EBP=0x3e40f4c8 is an unknown value
ESI=0x00000000 is an unknown value
EDI=0x00000100 is an unknown value


Stack: [0x3e3c0000,0x3e410000],  sp=0x3e40f4c8,  free space=317k
Native frames: (J=compiled Java code, j=interpreted, Vv=VM code, C=native code)
V  [jvm.dll+0x9d413]
V  [jvm.dll+0x12eab1]
V  [jvm.dll+0x12f517]
V  [jvm.dll+0x1246a4]
V  [jvm.dll+0x1287a2]
V  [jvm.dll+0x1291c5]
V  [jvm.dll+0x1838db]
V  [jvm.dll+0x182d0a]
V  [jvm.dll+0x183107]
V  [jvm.dll+0x183302]
V  [jvm.dll+0x1bde46]
C  [msvcr100.dll+0x5c556]
C  [msvcr100.dll+0x5c600]
C  [KERNEL32.DLL+0x18494]
C  [ntdll.dll+0x641c8]
C  [ntdll.dll+0x64198]

VM_Operation (0x4194f168): RedefineClasses, mode: safepoint, requested by thread 0x403d9800


---------------  P R O C E S S  ---------------

Java Threads: ( => current thread )
  0x403df000 JavaThread "Thread-105" daemon [_thread_blocked, id=12384, stack(0x42bb0000,0x42c00000)]
  0x403d9800 JavaThread "Thread-104" daemon [_thread_blocked, id=12036, stack(0x41900000,0x41950000)]
  0x439b6400 JavaThread "Atmosphere-Scheduler-37" daemon [_thread_blocked, id=9328, stack(0x41770000,0x417c0000)]
  0x439b8400 JavaThread "Atmosphere-Scheduler-33" daemon [_thread_blocked, id=13268, stack(0x412b0000,0x41300000)]
  0x439b5c00 JavaThread "AWT-Windows" daemon [_thread_in_native, id=2736, stack(0x45f00000,0x45f50000)]
  0x3f176c00 JavaThread "Java2D Disposer" daemon [_thread_blocked, id=11484, stack(0x45a50000,0x45aa0000)]
  0x3f176000 JavaThread "DestroyJavaVM" [_thread_blocked, id=7128, stack(0x02870000,0x028c0000)]
  0x403db800 JavaThread "http-nio-8085-AsyncTimeout" daemon [_thread_blocked, id=12164, stack(0x45930000,0x45980000)]
  0x403d9400 JavaThread "http-nio-8085-Acceptor-0" daemon [_thread_in_native, id=11924, stack(0x458a0000,0x458f0000)]
  0x403d8c00 JavaThread "http-nio-8085-ClientPoller-1" daemon [_thread_in_native, id=3096, stack(0x45810000,0x45860000)]
  0x403db000 JavaThread "http-nio-8085-ClientPoller-0" daemon [_thread_in_native, id=12908, stack(0x45780000,0x457d0000)]
  0x403dd000 JavaThread "http-nio-8085-exec-10" daemon [_thread_blocked, id=12480, stack(0x456f0000,0x45740000)]
  0x403dac00 JavaThread "http-nio-8085-exec-9" daemon [_thread_blocked, id=7252, stack(0x45660000,0x456b0000)]
  0x403dcc00 JavaThread "http-nio-8085-exec-8" daemon [_thread_blocked, id=3152, stack(0x455d0000,0x45620000)]
  0x403d8400 JavaThread "http-nio-8085-exec-7" daemon [_thread_blocked, id=10432, stack(0x45540000,0x45590000)]
  0x403dd800 JavaThread "http-nio-8085-exec-6" daemon [_thread_blocked, id=10444, stack(0x454b0000,0x45500000)]
  0x403da000 JavaThread "http-nio-8085-exec-5" daemon [_thread_blocked, id=5812, stack(0x45420000,0x45470000)]
  0x403da400 JavaThread "http-nio-8085-exec-4" daemon [_thread_blocked, id=12920, stack(0x45390000,0x453e0000)]
  0x403d8000 JavaThread "http-nio-8085-exec-3" daemon [_thread_blocked, id=12488, stack(0x45300000,0x45350000)]
  0x403dc400 JavaThread "http-nio-8085-exec-2" daemon [_thread_blocked, id=3480, stack(0x45270000,0x452c0000)]
  0x403d7800 JavaThread "http-nio-8085-exec-1" daemon [_thread_blocked, id=12548, stack(0x451e0000,0x45230000)]
  0x403dec00 JavaThread "NioBlockingSelector.BlockPoller-1" daemon [_thread_in_native, id=220, stack(0x45050000,0x450a0000)]
  0x3f178800 JavaThread "HikariPool-1 housekeeper" daemon [_thread_blocked, id=10860, stack(0x42dd0000,0x42e20000)]
  0x3f175c00 JavaThread "PostgreSQL-JDBC-SharedTimer-1" daemon [_thread_blocked, id=7184, stack(0x42d40000,0x42d90000)]
  0x3f179400 JavaThread "container-0" [_thread_blocked, id=9004, stack(0x42b20000,0x42b70000)]
  0x3f178000 JavaThread "ContainerBackgroundProcessor[StandardEngine[Tomcat]]" daemon [_thread_blocked, id=12408, stack(0x41a90000,0x41ae0000)]
  0x3f124400 JavaThread "RMI Scheduler(0)" daemon [_thread_blocked, id=10636, stack(0x414d0000,0x41520000)]
  0x3f235c00 JavaThread "RMI TCP Accept-0" daemon [_thread_in_native, id=1416, stack(0x41190000,0x411e0000)]
  0x3f22e800 JavaThread "RMI TCP Accept-59380" daemon [_thread_in_native, id=10108, stack(0x41100000,0x41150000)]
  0x3f02ac00 JavaThread "RMI TCP Accept-0" daemon [_thread_in_native, id=7428, stack(0x41070000,0x410c0000)]
  0x3f78ac00 JavaThread "Service Thread" daemon [_thread_blocked, id=11244, stack(0x409a0000,0x409f0000)]
  0x3f078400 JavaThread "C1 CompilerThread3" daemon [_thread_blocked, id=4408, stack(0x40910000,0x40960000)]
  0x3f05b400 JavaThread "C2 CompilerThread2" daemon [_thread_blocked, id=3500, stack(0x40880000,0x408d0000)]
  0x3f05a800 JavaThread "C2 CompilerThread1" daemon [_thread_blocked, id=13084, stack(0x407f0000,0x40840000)]
  0x3f043400 JavaThread "C2 CompilerThread0" daemon [_thread_blocked, id=11292, stack(0x40760000,0x407b0000)]
  0x3ee9a000 JavaThread "Thread-3" daemon [_thread_blocked, id=2616, stack(0x3f700000,0x3f750000)]
  0x3ee91800 JavaThread "HotSwap Dispatcher" daemon [_thread_blocked, id=8584, stack(0x3f670000,0x3f6c0000)]
  0x3ee8f000 JavaThread "HotSwap Watcher" daemon [_thread_blocked, id=6532, stack(0x3f5e0000,0x3f630000)]
  0x3ed60400 JavaThread "Thread-0" daemon [_thread_in_native, id=12456, stack(0x3f550000,0x3f5a0000)]
  0x3e217000 JavaThread "JDWP Command Reader" daemon [_thread_in_native, id=10952, stack(0x3e8c0000,0x3e910000)]
  0x3e212000 JavaThread "JDWP Event Helper Thread" daemon [_thread_blocked, id=2680, stack(0x3e830000,0x3e880000)]
  0x3e20d000 JavaThread "JDWP Transport Listener: dt_socket" daemon [_thread_blocked, id=5012, stack(0x3e7a0000,0x3e7f0000)]
  0x3e1f9000 JavaThread "Attach Listener" daemon [_thread_blocked, id=7560, stack(0x3e710000,0x3e760000)]
  0x3e1f6c00 JavaThread "Signal Dispatcher" daemon [_thread_blocked, id=1336, stack(0x3e680000,0x3e6d0000)]
  0x3e1e8000 JavaThread "Finalizer" daemon [_thread_blocked, id=7584, stack(0x3e4e0000,0x3e530000)]
  0x3e1d2400 JavaThread "Reference Handler" daemon [_thread_blocked, id=4544, stack(0x3e450000,0x3e4a0000)]

Other Threads:
=>0x3e1cc800 VMThread [stack: 0x3e3c0000,0x3e410000] [id=12964]
  0x3f238800 WatcherThread [stack: 0x41220000,0x41270000] [id=4696]

VM state:at safepoint (normal execution)

VM Mutex/Monitor currently owned by a thread:  ([mutex/lock_event])
[0x0293b5b8] Threads_lock - owner thread: 0x3e1cc800
[0x0293b8e8] Heap_lock - owner thread: 0x403d9800

Heap:
 def new generation   total 31616K, used 23841K [0x12000000, 0x14240000, 0x20950000)
  eden space 28160K,  78% used [0x12000000, 0x1359b4e8, 0x13b80000)
  from space 3456K,  49% used [0x13ee0000, 0x1408cf80, 0x14240000)
  to   space 3456K,   0% used [0x13b80000, 0x13b80000, 0x13ee0000)
 tenured generation   total 70116K, used 52022K [0x20950000, 0x24dc9000, 0x3dc00000)
   the space 70116K,  74% used [0x20950000, 0x23c1d8d0, 0x23c1da00, 0x24dc9000)
 Metaspace       used 58264K, capacity 60500K, committed 60544K, reserved 60800K

Card table byte_map: [0x3dc00000,0x3dd60000] byte_map_base: 0x3db70000

Polling page: 0x00ca0000

CodeCache: size=245760Kb used=15231Kb max_used=15231Kb free=230528Kb
 bounds [0x02c20000, 0x03b08000, 0x11c20000]
 total_blobs=9874 nmethods=9607 adapters=187
 compilation: enabled

Compilation events (10 events):
Event: 1138.221 Thread 0x3f078400 nmethod 9786 0x03affe48 code [0x03afff40, 0x03afffe0]
Event: 1138.222 Thread 0x3f078400 9790       1       org.springframework.beans.factory.support.AbstractBeanDefinition::isSynthetic (5 bytes)
Event: 1138.222 Thread 0x3f078400 nmethod 9790 0x03b00048 code [0x03b00140, 0x03b001e0]
Event: 1138.222 Thread 0x3f078400 9794       1       org.springframework.beans.factory.support.AbstractBeanDefinition::isAbstract (5 bytes)
Event: 1138.222 Thread 0x3f078400 nmethod 9794 0x03b00248 code [0x03b00340, 0x03b003e0]
Event: 1138.222 Thread 0x3f078400 9799       1       java.lang.reflect.Method::getReturnType (5 bytes)
Event: 1138.222 Thread 0x3f078400 nmethod 9799 0x03b00448 code [0x03b00540, 0x03b005e0]
Event: 1138.223 Thread 0x3f078400 9797       1       java.lang.String::endsWith (17 bytes)
Event: 1138.223 Thread 0x3f078400 nmethod 9797 0x03b00648 code [0x03b00760, 0x03b0084c]
Event: 1138.223 Thread 0x3f078400 9715       1       java.util.Arrays::copyOf (19 bytes)

GC Heap History (10 events):
Event: 481.459 GC heap before
{Heap before GC invocations=293 (full 4):
 def new generation   total 31616K, used 29506K [0x12000000, 0x14240000, 0x20950000)
  eden space 28160K, 100% used [0x12000000, 0x13b80000, 0x13b80000)
  from space 3456K,  38% used [0x13b80000, 0x13cd08b8, 0x13ee0000)
  to   space 3456K,   0% used [0x13ee0000, 0x13ee0000, 0x14240000)
 tenured generation   total 70116K, used 52011K [0x20950000, 0x24dc9000, 0x3dc00000)
   the space 70116K,  74% used [0x20950000, 0x23c1ae50, 0x23c1b000, 0x24dc9000)
 Metaspace       used 57966K, capacity 60144K, committed 60160K, reserved 60800K
Event: 481.472 GC heap after
Heap after GC invocations=294 (full 4):
 def new generation   total 31616K, used 1377K [0x12000000, 0x14240000, 0x20950000)
  eden space 28160K,   0% used [0x12000000, 0x12000000, 0x13b80000)
  from space 3456K,  39% used [0x13ee0000, 0x140386e8, 0x14240000)
  to   space 3456K,   0% used [0x13b80000, 0x13b80000, 0x13ee0000)
 tenured generation   total 70116K, used 52011K [0x20950000, 0x24dc9000, 0x3dc00000)
   the space 70116K,  74% used [0x20950000, 0x23c1ae50, 0x23c1b000, 0x24dc9000)
 Metaspace       used 57966K, capacity 60144K, committed 60160K, reserved 60800K
}
Event: 482.247 GC heap before
{Heap before GC invocations=294 (full 4):
 def new generation   total 31616K, used 29537K [0x12000000, 0x14240000, 0x20950000)
  eden space 28160K, 100% used [0x12000000, 0x13b80000, 0x13b80000)
  from space 3456K,  39% used [0x13ee0000, 0x140386e8, 0x14240000)
  to   space 3456K,   0% used [0x13b80000, 0x13b80000, 0x13ee0000)
 tenured generation   total 70116K, used 52011K [0x20950000, 0x24dc9000, 0x3dc00000)
   the space 70116K,  74% used [0x20950000, 0x23c1ae50, 0x23c1b000, 0x24dc9000)
 Metaspace       used 57966K, capacity 60144K, committed 60160K, reserved 60800K
Event: 482.259 GC heap after
Heap after GC invocations=295 (full 4):
 def new generation   total 31616K, used 1342K [0x12000000, 0x14240000, 0x20950000)
  eden space 28160K,   0% used [0x12000000, 0x12000000, 0x13b80000)
  from space 3456K,  38% used [0x13b80000, 0x13ccfa30, 0x13ee0000)
  to   space 3456K,   0% used [0x13ee0000, 0x13ee0000, 0x14240000)
 tenured generation   total 70116K, used 52019K [0x20950000, 0x24dc9000, 0x3dc00000)
   the space 70116K,  74% used [0x20950000, 0x23c1cc88, 0x23c1ce00, 0x24dc9000)
 Metaspace       used 57966K, capacity 60144K, committed 60160K, reserved 60800K
}
Event: 484.085 GC heap before
{Heap before GC invocations=295 (full 4):
 def new generation   total 31616K, used 29502K [0x12000000, 0x14240000, 0x20950000)
  eden space 28160K, 100% used [0x12000000, 0x13b80000, 0x13b80000)
  from space 3456K,  38% used [0x13b80000, 0x13ccfa30, 0x13ee0000)
  to   space 3456K,   0% used [0x13ee0000, 0x13ee0000, 0x14240000)
 tenured generation   total 70116K, used 52019K [0x20950000, 0x24dc9000, 0x3dc00000)
   the space 70116K,  74% used [0x20950000, 0x23c1cc88, 0x23c1ce00, 0x24dc9000)
 Metaspace       used 57968K, capacity 60144K, committed 60160K, reserved 60800K
Event: 484.101 GC heap after
Heap after GC invocations=296 (full 4):
 def new generation   total 31616K, used 1239K [0x12000000, 0x14240000, 0x20950000)
  eden space 28160K,   0% used [0x12000000, 0x12000000, 0x13b80000)
  from space 3456K,  35% used [0x13ee0000, 0x14015e10, 0x14240000)
  to   space 3456K,   0% used [0x13b80000, 0x13b80000, 0x13ee0000)
 tenured generation   total 70116K, used 52021K [0x20950000, 0x24dc9000, 0x3dc00000)
   the space 70116K,  74% used [0x20950000, 0x23c1d5c8, 0x23c1d600, 0x24dc9000)
 Metaspace       used 57968K, capacity 60144K, committed 60160K, reserved 60800K
}
Event: 484.346 GC heap before
{Heap before GC invocations=296 (full 4):
 def new generation   total 31616K, used 29399K [0x12000000, 0x14240000, 0x20950000)
  eden space 28160K, 100% used [0x12000000, 0x13b80000, 0x13b80000)
  from space 3456K,  35% used [0x13ee0000, 0x14015e10, 0x14240000)
  to   space 3456K,   0% used [0x13b80000, 0x13b80000, 0x13ee0000)
 tenured generation   total 70116K, used 52021K [0x20950000, 0x24dc9000, 0x3dc00000)
   the space 70116K,  74% used [0x20950000, 0x23c1d5c8, 0x23c1d600, 0x24dc9000)
 Metaspace       used 57968K, capacity 60144K, committed 60160K, reserved 60800K
Event: 484.360 GC heap after
Heap after GC invocations=297 (full 4):
 def new generation   total 31616K, used 1432K [0x12000000, 0x14240000, 0x20950000)
  eden space 28160K,   0% used [0x12000000, 0x12000000, 0x13b80000)
  from space 3456K,  41% used [0x13b80000, 0x13ce63f8, 0x13ee0000)
  to   space 3456K,   0% used [0x13ee0000, 0x13ee0000, 0x14240000)
 tenured generation   total 70116K, used 52021K [0x20950000, 0x24dc9000, 0x3dc00000)
   the space 70116K,  74% used [0x20950000, 0x23c1d6e0, 0x23c1d800, 0x24dc9000)
 Metaspace       used 57968K, capacity 60144K, committed 60160K, reserved 60800K
}
Event: 691.455 GC heap before
{Heap before GC invocations=297 (full 4):
 def new generation   total 31616K, used 29592K [0x12000000, 0x14240000, 0x20950000)
  eden space 28160K, 100% used [0x12000000, 0x13b80000, 0x13b80000)
  from space 3456K,  41% used [0x13b80000, 0x13ce63f8, 0x13ee0000)
  to   space 3456K,   0% used [0x13ee0000, 0x13ee0000, 0x14240000)
 tenured generation   total 70116K, used 52021K [0x20950000, 0x24dc9000, 0x3dc00000)
   the space 70116K,  74% used [0x20950000, 0x23c1d6e0, 0x23c1d800, 0x24dc9000)
 Metaspace       used 58024K, capacity 60221K, committed 60288K, reserved 60800K
Event: 691.471 GC heap after
Heap after GC invocations=298 (full 4):
 def new generation   total 31616K, used 1715K [0x12000000, 0x14240000, 0x20950000)
  eden space 28160K,   0% used [0x12000000, 0x12000000, 0x13b80000)
  from space 3456K,  49% used [0x13ee0000, 0x1408cf80, 0x14240000)
  to   space 3456K,   0% used [0x13b80000, 0x13b80000, 0x13ee0000)
 tenured generation   total 70116K, used 52022K [0x20950000, 0x24dc9000, 0x3dc00000)
   the space 70116K,  74% used [0x20950000, 0x23c1d8d0, 0x23c1da00, 0x24dc9000)
 Metaspace       used 58024K, capacity 60221K, committed 60288K, reserved 60800K
}

Deoptimization events (0 events):
No events

Internal exceptions (10 events):
Event: 1137.259 Thread 0x439ba800 Exception <a 'java/io/FileNotFoundException'> (0x12637390) thrown at [C:\Jenkins\workspace\DCEVM-8u152\jdk\JDK1.8.0_152-i586\k\product\oops\compressed\slave\dcevm-win\hotspot\src\share\vm\prims\jni.cpp, line 710]
Event: 1137.259 Thread 0x439b9c00 Exception <a 'java/io/FileNotFoundException'> (0x126302f0) thrown at [C:\Jenkins\workspace\DCEVM-8u152\jdk\JDK1.8.0_152-i586\k\product\oops\compressed\slave\dcevm-win\hotspot\src\share\vm\prims\jni.cpp, line 710]
Event: 1137.352 Thread 0x439b6c00 Exception <a 'java/io/FileNotFoundException'> (0x12614e38) thrown at [C:\Jenkins\workspace\DCEVM-8u152\jdk\JDK1.8.0_152-i586\k\product\oops\compressed\slave\dcevm-win\hotspot\src\share\vm\prims\jni.cpp, line 710]
Event: 1137.352 Thread 0x439b7000 Exception <a 'java/io/FileNotFoundException'> (0x1261bed8) thrown at [C:\Jenkins\workspace\DCEVM-8u152\jdk\JDK1.8.0_152-i586\k\product\oops\compressed\slave\dcevm-win\hotspot\src\share\vm\prims\jni.cpp, line 710]
Event: 1137.352 Thread 0x439bbc00 Exception <a 'java/io/FileNotFoundException'> (0x1260dd98) thrown at [C:\Jenkins\workspace\DCEVM-8u152\jdk\JDK1.8.0_152-i586\k\product\oops\compressed\slave\dcevm-win\hotspot\src\share\vm\prims\jni.cpp, line 710]
Event: 1137.352 Thread 0x439bb000 Exception <a 'java/io/FileNotFoundException'> (0x12606cf8) thrown at [C:\Jenkins\workspace\DCEVM-8u152\jdk\JDK1.8.0_152-i586\k\product\oops\compressed\slave\dcevm-win\hotspot\src\share\vm\prims\jni.cpp, line 710]
Event: 1137.368 Thread 0x439b9c00 Exception <a 'java/io/FileNotFoundException'> (0x126310b8) thrown at [C:\Jenkins\workspace\DCEVM-8u152\jdk\JDK1.8.0_152-i586\k\product\oops\compressed\slave\dcevm-win\hotspot\src\share\vm\prims\jni.cpp, line 710]
Event: 1137.368 Thread 0x439bb400 Exception <a 'java/io/FileNotFoundException'> (0x12623190) thrown at [C:\Jenkins\workspace\DCEVM-8u152\jdk\JDK1.8.0_152-i586\k\product\oops\compressed\slave\dcevm-win\hotspot\src\share\vm\prims\jni.cpp, line 710]
Event: 1137.368 Thread 0x439b8800 Exception <a 'java/io/FileNotFoundException'> (0x1262a018) thrown at [C:\Jenkins\workspace\DCEVM-8u152\jdk\JDK1.8.0_152-i586\k\product\oops\compressed\slave\dcevm-win\hotspot\src\share\vm\prims\jni.cpp, line 710]
Event: 1137.368 Thread 0x439ba800 Exception <a 'java/io/FileNotFoundException'> (0x12638158) thrown at [C:\Jenkins\workspace\DCEVM-8u152\jdk\JDK1.8.0_152-i586\k\product\oops\compressed\slave\dcevm-win\hotspot\src\share\vm\prims\jni.cpp, line 710]

Events (10 events):
Event: 1138.178 loading class org/springframework/boot/orm/jpa/hibernate/SpringPhysicalNamingStrategy done
Event: 1138.196 Executing VM operation: RevokeBias
Event: 1138.197 Executing VM operation: RevokeBias done
Event: 1138.207 Executing VM operation: RevokeBias
Event: 1138.208 Executing VM operation: RevokeBias done
Event: 1138.208 Thread 0x403dc000 Thread exited: 0x403dc000
Event: 1138.211 Executing VM operation: RevokeBias
Event: 1138.211 Executing VM operation: RevokeBias done
Event: 1138.211 Thread 0x439bb000 Thread exited: 0x439bb000
Event: 1138.223 Executing VM operation: RedefineClasses


Dynamic libraries:
0x00ec0000 - 0x00ef3000 	C:\Program Files (x86)\Java\jdk1.8.0_181\bin\java.exe
0x770a0000 - 0x77230000 	C:\Windows\SYSTEM32\ntdll.dll
0x765a0000 - 0x76680000 	C:\Windows\System32\KERNEL32.DLL
0x738e0000 - 0x738f0000 	C:\Program Files\AVAST Software\Avast\x86\aswhook.dll
0x76a40000 - 0x76c24000 	C:\Windows\System32\KERNELBASE.dll
0x72560000 - 0x725fd000 	C:\Windows\SYSTEM32\apphelp.dll
0x75df0000 - 0x75e68000 	C:\Windows\System32\ADVAPI32.dll
0x766d0000 - 0x7678f000 	C:\Windows\System32\msvcrt.dll
0x73d00000 - 0x73d44000 	C:\Windows\System32\sechost.dll
0x73d70000 - 0x73e30000 	C:\Windows\System32\RPCRT4.dll
0x73960000 - 0x73980000 	C:\Windows\System32\SspiCli.dll
0x73950000 - 0x7395a000 	C:\Windows\System32\CRYPTBASE.dll
0x73ec0000 - 0x73f17000 	C:\Windows\System32\bcryptPrimitives.dll
0x74010000 - 0x7419d000 	C:\Windows\System32\USER32.dll
0x745d0000 - 0x745e7000 	C:\Windows\System32\win32u.dll
0x73c30000 - 0x73c52000 	C:\Windows\System32\GDI32.dll
0x76ce0000 - 0x76e44000 	C:\Windows\System32\gdi32full.dll
0x73e30000 - 0x73ead000 	C:\Windows\System32\msvcp_win.dll
0x76790000 - 0x768ad000 	C:\Windows\System32\ucrtbase.dll
0x735b0000 - 0x737b4000 	C:\Windows\WinSxS\x86_microsoft.windows.common-controls_6595b64144ccf1df_6.0.17134.885_none_42efda1e44e17f65\COMCTL32.dll
0x745f0000 - 0x7484c000 	C:\Windows\System32\combase.dll
0x76f80000 - 0x76fa6000 	C:\Windows\System32\IMM32.DLL
0x73820000 - 0x738df000 	C:\Program Files (x86)\Java\jdk1.8.0_181\jre\bin\msvcr100.dll
0x68df0000 - 0x693e2000 	C:\Program Files (x86)\Java\jdk1.8.0_181\jre\bin\dcevm\jvm.dll
0x74000000 - 0x74006000 	C:\Windows\System32\PSAPI.DLL
0x6ee90000 - 0x6ee98000 	C:\Windows\SYSTEM32\WSOCK32.dll
0x769d0000 - 0x76a37000 	C:\Windows\System32\WS2_32.dll
0x70780000 - 0x707a4000 	C:\Windows\SYSTEM32\WINMM.dll
0x73920000 - 0x73928000 	C:\Windows\SYSTEM32\VERSION.dll
0x6efe0000 - 0x6f003000 	C:\Windows\SYSTEM32\WINMMBASE.dll
0x749f0000 - 0x74a29000 	C:\Windows\System32\cfgmgr32.dll
0x73810000 - 0x7381c000 	C:\Program Files (x86)\Java\jdk1.8.0_181\jre\bin\verify.dll
0x737e0000 - 0x73802000 	C:\Program Files (x86)\Java\jdk1.8.0_181\jre\bin\java.dll
0x6aac0000 - 0x6aaeb000 	C:\Program Files (x86)\Java\jdk1.8.0_181\jre\bin\jdwp.dll
0x735a0000 - 0x735a7000 	C:\Program Files (x86)\Java\jdk1.8.0_181\jre\bin\npt.dll
0x68dd0000 - 0x68df0000 	C:\Program Files (x86)\Java\jdk1.8.0_181\jre\bin\instrument.dll
0x6dd20000 - 0x6dd34000 	C:\Program Files (x86)\Java\jdk1.8.0_181\jre\bin\zip.dll
0x74a90000 - 0x75dda000 	C:\Windows\System32\SHELL32.dll
0x73c60000 - 0x73ce8000 	C:\Windows\System32\shcore.dll
0x75e70000 - 0x7642a000 	C:\Windows\System32\windows.storage.dll
0x76680000 - 0x766c5000 	C:\Windows\System32\shlwapi.dll
0x75de0000 - 0x75def000 	C:\Windows\System32\kernel.appcore.dll
0x769b0000 - 0x769c8000 	C:\Windows\System32\profapi.dll
0x73be0000 - 0x73c25000 	C:\Windows\System32\powrprof.dll
0x739e0000 - 0x739e8000 	C:\Windows\System32\FLTLIB.DLL
0x6aab0000 - 0x6aab8000 	C:\Program Files (x86)\Java\jdk1.8.0_181\jre\bin\dt_socket.dll
0x6d280000 - 0x6d2d6000 	C:\Windows\system32\mswsock.dll
0x68db0000 - 0x68dc5000 	C:\Program Files (x86)\Java\jdk1.8.0_181\jre\bin\net.dll
0x6a750000 - 0x6a75f000 	C:\Program Files (x86)\Java\jdk1.8.0_181\jre\bin\nio.dll
0x6a580000 - 0x6a58a000 	C:\Program Files (x86)\Java\jdk1.8.0_181\jre\bin\management.dll
0x6d260000 - 0x6d271000 	C:\Windows\system32\napinsp.dll
0x6aaf0000 - 0x6ab06000 	C:\Windows\system32\pnrpnsp.dll
0x6aa10000 - 0x6aa23000 	C:\Windows\system32\NLAapi.dll
0x6d1c0000 - 0x6d24e000 	C:\Windows\SYSTEM32\DNSAPI.dll
0x73eb0000 - 0x73eb7000 	C:\Windows\System32\NSI.dll
0x70700000 - 0x70730000 	C:\Windows\SYSTEM32\IPHLPAPI.DLL
0x737d0000 - 0x737dc000 	C:\Windows\System32\winrnr.dll
0x6a5b0000 - 0x6a5c1000 	C:\Windows\System32\wshbth.dll
0x696b0000 - 0x696b8000 	C:\Windows\System32\rasadhlp.dll
0x69660000 - 0x696af000 	C:\Windows\System32\fwpuclnt.dll
0x70ff0000 - 0x71009000 	C:\Windows\SYSTEM32\bcrypt.dll
0x71040000 - 0x71053000 	C:\Windows\SYSTEM32\CRYPTSP.dll
0x71010000 - 0x7103f000 	C:\Windows\system32\rsaenh.dll
0x738f0000 - 0x73911000 	C:\Windows\SYSTEM32\USERENV.dll
0x6a9f0000 - 0x6aa03000 	C:\Windows\SYSTEM32\dhcpcsvc6.DLL
0x720a0000 - 0x720b4000 	C:\Windows\SYSTEM32\dhcpcsvc.DLL
0x68c40000 - 0x68d87000 	C:\Program Files (x86)\Java\jdk1.8.0_181\jre\bin\awt.dll
0x76ee0000 - 0x76f76000 	C:\Windows\System32\OLEAUT32.dll
0x71070000 - 0x71093000 	C:\Windows\system32\DWMAPI.DLL
0x73520000 - 0x7359c000 	C:\Windows\system32\uxtheme.dll
0x73a90000 - 0x73bd3000 	C:\Windows\System32\MSCTF.dll
0x768b0000 - 0x769ac000 	C:\Windows\System32\ole32.dll
0x72630000 - 0x727b2000 	C:\Windows\SYSTEM32\dbghelp.dll

VM Arguments:
jvm_args: -agentlib:jdwp=transport=dt_socket,address=127.0.0.1:59381,suspend=y,server=n -javaagent:D:\Programas\Java Agent\hotswap-agent-1.3.0.jar=autoHotswap=true -XX:TieredStopAtLevel=1 -Xverify:none -Dspring.output.ansi.enabled=always -Dcom.sun.management.jmxremote -Dcom.sun.management.jmxremote.port=59380 -Dcom.sun.management.jmxremote.authenticate=false -Dcom.sun.management.jmxremote.ssl=false -Djava.rmi.server.hostname=localhost -Dspring.liveBeansView.mbeanDomain -Dspring.application.admin.enabled=true -javaagent:C:\Users\CACHOR~1\AppData\Local\Temp\capture514jars\debugger-agent.jar=file:/C:/Users/CACHOR~1/AppData/Local/Temp/capture.props -Dfile.encoding=UTF-8 
java_command: com.gmail.cachorios.Application
java_class_path (initial): C:\Program Files (x86)\Java\jdk1.8.0_181\jre\lib\charsets.jar;C:\Program Files (x86)\Java\jdk1.8.0_181\jre\lib\deploy.jar;C:\Program Files (x86)\Java\jdk1.8.0_181\jre\lib\ext\access-bridge-32.jar;C:\Program Files (x86)\Java\jdk1.8.0_181\jre\lib\ext\cldrdata.jar;C:\Program Files (x86)\Java\jdk1.8.0_181\jre\lib\ext\dnsns.jar;C:\Program Files (x86)\Java\jdk1.8.0_181\jre\lib\ext\jaccess.jar;C:\Program Files (x86)\Java\jdk1.8.0_181\jre\lib\ext\jfxrt.jar;C:\Program Files (x86)\Java\jdk1.8.0_181\jre\lib\ext\localedata.jar;C:\Program Files (x86)\Java\jdk1.8.0_181\jre\lib\ext\nashorn.jar;C:\Program Files (x86)\Java\jdk1.8.0_181\jre\lib\ext\sunec.jar;C:\Program Files (x86)\Java\jdk1.8.0_181\jre\lib\ext\sunjce_provider.jar;C:\Program Files (x86)\Java\jdk1.8.0_181\jre\lib\ext\sunmscapi.jar;C:\Program Files (x86)\Java\jdk1.8.0_181\jre\lib\ext\sunpkcs11.jar;C:\Program Files (x86)\Java\jdk1.8.0_181\jre\lib\ext\zipfs.jar;C:\Program Files (x86)\Java\jdk1.8.0_181\jre\lib\javaws.jar;C:\Program Files (x86)\Java\jdk1.8.0_181\jre\lib\jce.jar;C:\Program Files (x86)\Java\jdk1.8.0_181\jre\lib\jfr.jar;C:\Program Files (x86)\Java\jdk1.8.0_181\jre\lib\jfxswt.jar;C:\Program Files (x86)\Java\jdk1.8.0_181\jre\lib\jsse.jar;C:\Program Files (x86)\Java\jdk1.8.0_181\jre\lib\management-agent.jar;C:\Program Files (x86)\Java\jdk1.8.0_181\jre\lib\plugin.jar;C:\Program Files (x86)\Java\jdk1.8.0_181\jre\lib\resources.jar;C:\Program Files (x86)\Java\jdk1.8.0_181\jre\lib\rt.jar;D:\Vaadin\SegSoc\target\classes;C:\Users\Cacho Rios\.m2\repository\javax\servlet\javax.servlet-api\3.1.0\javax.servlet-api-3.1.0.jar;C:\Users\Cacho Rios\.m2\repository\commons-logging\commons-logging\1.1.1\commons-logging-1.1.1.jar;C:\Users\Cacho Rios\.m2\repository\com\vaadin\vaadin\13.0.8\vaadin-13.0.8.jar;C:\Users\Cacho Rios\.m2\repository\com\vaadin\vaadin-core\13.0.8\vaadin-core-13.0.8.jar;C:\Users\Cacho Rios\.m2\repository\com\vaadin\flow-html-components\1.4.5\flow-html-components-1.4.5.jar;C:\Users\
Launcher Type: SUN_STANDARD

Environment Variables:
PATH=C:\Program Files (x86)\Common Files\Oracle\Java\javapath;C:\Windows\system32;C:\Windows;C:\Windows\System32\Wbem;C:\Windows\System32\WindowsPowerShell\v1.0\;C:\Windows\System32\OpenSSH\;C:\Program Files (x86)\Git\cmd;C:\xampp\php;C:\Program Files (x86)\PostgreSQL\10\bin;C:\Program Files\PuTTY\;C:\Users\Cacho Rios\AppData\Local\Microsoft\WindowsApps;
USERNAME=Cacho Rios
OS=Windows_NT
PROCESSOR_IDENTIFIER=Intel64 Family 6 Model 58 Stepping 9, GenuineIntel



---------------  S Y S T E M  ---------------

OS: Windows 10.0 , 64 bit Build 17134 (10.0.17134.753)

CPU:total 8 (initial active 8) (4 cores per cpu, 2 threads per core) family 6 model 58 stepping 9, cmov, cx8, fxsr, mmx, sse, sse2, sse3, ssse3, sse4.1, sse4.2, popcnt, avx, aes, clmul, erms, ht, tsc, tscinvbit, tscinv

Memory: 4k page, physical 8281832k(4076332k free), swap 9592552k(3971424k free)

vm_info: Dynamic Code Evolution Server VM (25.71-b01-dcevmlight-30) for windows-x86 JRE (1.8.0), built on Feb 14 2018 07:15:28 by "Administrator" with MS VC++ 10.0 (VS2010)

time: Wed Jul 17 20:58:45 2019
elapsed time: 1138 seconds (0d 0h 18m 58s)

