#
# A fatal error has been detected by the Java Runtime Environment:
#
#  EXCEPTION_ACCESS_VIOLATION (0xc0000005) at pc=0x68ed7d31, pid=3616, tid=0x0000332c
#
# JRE version: Java(TM) SE Runtime Environment (8.0_181-b13) (build 1.8.0_181-b13)
# Java VM: Dynamic Code Evolution Server VM (25.71-b01-dcevmlight-30 mixed mode windows-x86 )
# Problematic frame:
# V  [jvm.dll+0x127d31]
#
# Failed to write core dump. Minidumps are not enabled by default on client versions of Windows
#
# If you would like to submit a bug report, please visit:
#   https://github.com/dcevm/dcevm/issues
#

---------------  T H R E A D  ---------------

Current thread (0x3e19f400):  JavaThread "JDWP Transport Listener: dt_socket" daemon [_thread_in_vm, id=13100, stack(0x3e780000,0x3e7d0000)]

siginfo: ExceptionCode=0xc0000005, reading address 0x00000000

Registers:
EAX=0x00000000, EBX=0x463fdef8, ECX=0x3e19d480, EDX=0x43ae54b8
ESP=0x3e7ceec4, EBP=0x3e7cefdc, ESI=0x00000004, EDI=0x463fb1ac
EIP=0x68ed7d31, EFLAGS=0x00010246

Top of Stack: (sp=0x3e7ceec4)
0x3e7ceec4:   3e7cf264 746c6590 00000000 43b3a6a8
0x3e7ceed4:   43b409c4 43b3a6a8 69207db4 00000000
0x3e7ceee4:   463fb178 463fa428 3e19f400 00000004
0x3e7ceef4:   00000004 00000018 77065e2a 00000004
0x3e7cef04:   00000000 00000000 4298a730 4299f418
0x3e7cef14:   3e19f400 00000004 00000004 00000018
0x3e7cef24:   00000000 00000004 00000000 00000000
0x3e7cef34:   00000000 3e7cef5c 77065d3e 00000004 

Instructions: (pc=0x68ed7d31)
0x68ed7d11:   ce e8 09 5c f5 ff 8b 8d 74 ff ff ff 8b 95 78 ff
0x68ed7d21:   ff ff 89 77 08 89 4f 0c 89 57 10 a1 e8 93 32 69
0x68ed7d31:   8b 08 8d 51 ff 39 55 f0 0f 85 21 02 00 00 33 f6
0x68ed7d41:   89 75 f8 85 c9 0f 8e 81 01 00 00 8d 64 24 00 8b 


Register to memory mapping:

EAX=0x00000000 is an unknown value
EBX=0x463fdef8 is pointing into metadata
ECX=0x3e19d480 is an unknown value
EDX=0x43ae54b8 is an unknown value
ESP=0x3e7ceec4 is pointing into the stack for thread: 0x3e19f400
EBP=0x3e7cefdc is pointing into the stack for thread: 0x3e19f400
ESI=0x00000004 is an unknown value
EDI=0x463fb1ac is pointing into metadata


Stack: [0x3e780000,0x3e7d0000],  sp=0x3e7ceec4,  free space=315k
Native frames: (J=compiled Java code, j=interpreted, Vv=VM code, C=native code)
V  [jvm.dll+0x127d31]
V  [jvm.dll+0x128b7f]
V  [jvm.dll+0x182a02]
V  [jvm.dll+0x104934]
V  [jvm.dll+0x22d8f3]
C  [jdwp.dll+0x7ec8]
C  [jdwp.dll+0xbdb3]
C  0x2d726531


---------------  P R O C E S S  ---------------

Java Threads: ( => current thread )
  0x4396ec00 JavaThread "Thread-71" daemon [_thread_blocked, id=776, stack(0x46450000,0x464a0000)]
  0x4396d800 JavaThread "Atmosphere-Scheduler-14" daemon [_thread_blocked, id=12228, stack(0x41320000,0x41370000)]
  0x4396e000 JavaThread "Atmosphere-Scheduler-13" daemon [_thread_blocked, id=2200, stack(0x42d40000,0x42d90000)]
  0x4396d400 JavaThread "AWT-Windows" daemon [_thread_in_native, id=13008, stack(0x45ce0000,0x45d30000)]
  0x43968000 JavaThread "Java2D Disposer" daemon [_thread_blocked, id=13296, stack(0x41750000,0x417a0000)]
  0x4396a800 JavaThread "DestroyJavaVM" [_thread_blocked, id=10920, stack(0x02800000,0x02850000)]
  0x4396cc00 JavaThread "http-nio-8085-AsyncTimeout" daemon [_thread_blocked, id=12600, stack(0x45a50000,0x45aa0000)]
  0x4396e400 JavaThread "http-nio-8085-Acceptor-0" daemon [_thread_in_native, id=13184, stack(0x459c0000,0x45a10000)]
  0x43968800 JavaThread "http-nio-8085-ClientPoller-1" daemon [_thread_in_native, id=9992, stack(0x45930000,0x45980000)]
  0x4396b800 JavaThread "http-nio-8085-ClientPoller-0" daemon [_thread_in_native, id=4644, stack(0x458a0000,0x458f0000)]
  0x4396a000 JavaThread "http-nio-8085-exec-10" daemon [_thread_blocked, id=3956, stack(0x45810000,0x45860000)]
  0x4396c400 JavaThread "http-nio-8085-exec-9" daemon [_thread_blocked, id=8632, stack(0x45780000,0x457d0000)]
  0x4396c000 JavaThread "http-nio-8085-exec-8" daemon [_thread_blocked, id=13308, stack(0x456f0000,0x45740000)]
  0x3f160800 JavaThread "http-nio-8085-exec-7" daemon [_thread_blocked, id=10780, stack(0x45660000,0x456b0000)]
  0x3f160400 JavaThread "http-nio-8085-exec-6" daemon [_thread_blocked, id=12604, stack(0x455d0000,0x45620000)]
  0x3f161400 JavaThread "http-nio-8085-exec-5" daemon [_thread_blocked, id=11056, stack(0x45540000,0x45590000)]
  0x3f161c00 JavaThread "http-nio-8085-exec-4" daemon [_thread_blocked, id=5836, stack(0x454b0000,0x45500000)]
  0x3f9ef400 JavaThread "http-nio-8085-exec-3" daemon [_thread_blocked, id=10428, stack(0x45420000,0x45470000)]
  0x3f9edc00 JavaThread "http-nio-8085-exec-2" daemon [_thread_blocked, id=10616, stack(0x45390000,0x453e0000)]
  0x3f9f0000 JavaThread "http-nio-8085-exec-1" daemon [_thread_blocked, id=1488, stack(0x45300000,0x45350000)]
  0x3f9ecc00 JavaThread "NioBlockingSelector.BlockPoller-1" daemon [_thread_in_native, id=3532, stack(0x45270000,0x452c0000)]
  0x3f9ec800 JavaThread "HikariPool-1 housekeeper" daemon [_thread_blocked, id=9868, stack(0x42e60000,0x42eb0000)]
  0x3f9ee800 JavaThread "PostgreSQL-JDBC-SharedTimer-1" daemon [_thread_blocked, id=13224, stack(0x42dd0000,0x42e20000)]
  0x3f9ec000 JavaThread "container-0" [_thread_blocked, id=6560, stack(0x42bb0000,0x42c00000)]
  0x3f9ee000 JavaThread "ContainerBackgroundProcessor[StandardEngine[Tomcat]]" daemon [_thread_blocked, id=12308, stack(0x42b20000,0x42b70000)]
  0x3f207c00 JavaThread "RMI Scheduler(0)" daemon [_thread_blocked, id=3412, stack(0x413b0000,0x41400000)]
  0x3f1ffc00 JavaThread "RMI TCP Accept-0" daemon [_thread_in_native, id=13196, stack(0x41200000,0x41250000)]
  0x3f1fa400 JavaThread "RMI TCP Accept-57179" daemon [_thread_in_native, id=10956, stack(0x410e0000,0x41130000)]
  0x3f1d7400 JavaThread "RMI TCP Accept-0" daemon [_thread_in_native, id=10384, stack(0x41050000,0x410a0000)]
  0x3f760400 JavaThread "Service Thread" daemon [_thread_blocked, id=13204, stack(0x40980000,0x409d0000)]
  0x3f265800 JavaThread "C1 CompilerThread3" daemon [_thread_blocked, id=11204, stack(0x408f0000,0x40940000)]
  0x3eea0800 JavaThread "C2 CompilerThread2" daemon [_thread_blocked, id=13064, stack(0x40860000,0x408b0000)]
  0x3eea3000 JavaThread "C2 CompilerThread1" daemon [_thread_blocked, id=13208, stack(0x407d0000,0x40820000)]
  0x3ef77400 JavaThread "C2 CompilerThread0" daemon [_thread_blocked, id=13128, stack(0x40740000,0x40790000)]
  0x3ee76c00 JavaThread "Thread-3" daemon [_thread_blocked, id=13072, stack(0x3f6e0000,0x3f730000)]
  0x3ee6dc00 JavaThread "HotSwap Dispatcher" daemon [_thread_blocked, id=13200, stack(0x3f650000,0x3f6a0000)]
  0x3ee6b000 JavaThread "HotSwap Watcher" daemon [_thread_blocked, id=12344, stack(0x3f5c0000,0x3f610000)]
  0x3ee6a800 JavaThread "Thread-0" daemon [_thread_in_native, id=13060, stack(0x3f530000,0x3f580000)]
  0x3e1a6c00 JavaThread "JDWP Command Reader" daemon [_thread_in_native, id=1072, stack(0x3e8a0000,0x3e8f0000)]
  0x3e1a4000 JavaThread "JDWP Event Helper Thread" daemon [_thread_blocked, id=3040, stack(0x3e810000,0x3e860000)]
=>0x3e19f400 JavaThread "JDWP Transport Listener: dt_socket" daemon [_thread_in_vm, id=13100, stack(0x3e780000,0x3e7d0000)]
  0x3e18b800 JavaThread "Attach Listener" daemon [_thread_blocked, id=13108, stack(0x3e6f0000,0x3e740000)]
  0x3e187800 JavaThread "Signal Dispatcher" daemon [_thread_blocked, id=13120, stack(0x3e660000,0x3e6b0000)]
  0x3e178000 JavaThread "Finalizer" daemon [_thread_blocked, id=9420, stack(0x3e4b0000,0x3e500000)]
  0x3e162000 JavaThread "Reference Handler" daemon [_thread_blocked, id=9332, stack(0x3e420000,0x3e470000)]

Other Threads:
  0x3e15d000 VMThread [stack: 0x3e390000,0x3e3e0000] [id=10344]
  0x3f200c00 WatcherThread [stack: 0x41290000,0x412e0000] [id=11496]

VM state:synchronizing (normal execution)

VM Mutex/Monitor currently owned by a thread:  ([mutex/lock_event])
[0x028dafd8] Threads_lock - owner thread: 0x3e15d000
[0x028dc278] CompiledIC_lock - owner thread: 0x3f265800

Heap:
 def new generation   total 32512K, used 14430K [0x12000000, 0x14340000, 0x20950000)
  eden space 28928K,  47% used [0x12000000, 0x12d7c268, 0x13c40000)
  from space 3584K,  17% used [0x13c40000, 0x13cdb8d0, 0x13fc0000)
  to   space 3584K,   0% used [0x13fc0000, 0x13fc0000, 0x14340000)
 tenured generation   total 72148K, used 46016K [0x20950000, 0x24fc5000, 0x3dc00000)
   the space 72148K,  63% used [0x20950000, 0x236403d8, 0x23640400, 0x24fc5000)
 Metaspace       used 53585K, capacity 55359K, committed 55424K, reserved 55680K

Card table byte_map: [0x11e80000,0x11fe0000] byte_map_base: 0x11df0000

Polling page: 0x00d30000

CodeCache: size=245760Kb used=12270Kb max_used=12270Kb free=233489Kb
 bounds [0x02ac0000, 0x036c0000, 0x11ac0000]
 total_blobs=7970 nmethods=7717 adapters=174
 compilation: enabled

Compilation events (10 events):
Event: 432.304 Thread 0x3f265800 nmethod 7900 0x036ba488 code [0x036ba5a0, 0x036ba66c]
Event: 432.304 Thread 0x3f265800 7964       1       java.util.HashMap::getNode (148 bytes)
Event: 432.305 Thread 0x3f265800 nmethod 7964 0x036ba988 code [0x036baae0, 0x036bad84]
Event: 432.305 Thread 0x3f265800 7969       1       java.lang.Math::max (11 bytes)
Event: 432.305 Thread 0x3f265800 nmethod 7969 0x02d4c208 code [0x02d4c300, 0x02d4c380]
Event: 432.306 Thread 0x3f265800 7967       1       java.lang.Character::charCount (12 bytes)
Event: 432.306 Thread 0x3f265800 nmethod 7967 0x03260bc8 code [0x03260cc0, 0x03260d40]
Event: 432.307 Thread 0x3f265800 7951       1       java.lang.Character::isHighSurrogate (18 bytes)
Event: 432.308 Thread 0x3f265800 nmethod 7951 0x036bb888 code [0x036bb980, 0x036bba20]
Event: 432.309 Thread 0x3f265800 7992       1       java.util.HashMap::putVal (300 bytes)

GC Heap History (10 events):
Event: 184.251 GC heap before
{Heap before GC invocations=249 (full 4):
 def new generation   total 32512K, used 31417K [0x12000000, 0x14340000, 0x20950000)
  eden space 28928K, 100% used [0x12000000, 0x13c40000, 0x13c40000)
  from space 3584K,  69% used [0x13fc0000, 0x1422e5a8, 0x14340000)
  to   space 3584K,   0% used [0x13c40000, 0x13c40000, 0x13fc0000)
 tenured generation   total 72148K, used 44531K [0x20950000, 0x24fc5000, 0x3dc00000)
   the space 72148K,  61% used [0x20950000, 0x234cce28, 0x234cd000, 0x24fc5000)
 Metaspace       used 53228K, capacity 55029K, committed 55040K, reserved 55680K
Event: 184.259 GC heap after
Heap after GC invocations=250 (full 4):
 def new generation   total 32512K, used 1953K [0x12000000, 0x14340000, 0x20950000)
  eden space 28928K,   0% used [0x12000000, 0x12000000, 0x13c40000)
  from space 3584K,  54% used [0x13c40000, 0x13e28570, 0x13fc0000)
  to   space 3584K,   0% used [0x13fc0000, 0x13fc0000, 0x14340000)
 tenured generation   total 72148K, used 45868K [0x20950000, 0x24fc5000, 0x3dc00000)
   the space 72148K,  63% used [0x20950000, 0x2361b378, 0x2361b400, 0x24fc5000)
 Metaspace       used 53228K, capacity 55029K, committed 55040K, reserved 55680K
}
Event: 430.282 GC heap before
{Heap before GC invocations=250 (full 4):
 def new generation   total 32512K, used 30881K [0x12000000, 0x14340000, 0x20950000)
  eden space 28928K, 100% used [0x12000000, 0x13c40000, 0x13c40000)
  from space 3584K,  54% used [0x13c40000, 0x13e28570, 0x13fc0000)
  to   space 3584K,   0% used [0x13fc0000, 0x13fc0000, 0x14340000)
 tenured generation   total 72148K, used 45868K [0x20950000, 0x24fc5000, 0x3dc00000)
   the space 72148K,  63% used [0x20950000, 0x2361b378, 0x2361b400, 0x24fc5000)
 Metaspace       used 53338K, capacity 55093K, committed 55168K, reserved 55680K
Event: 430.290 GC heap after
Heap after GC invocations=251 (full 4):
 def new generation   total 32512K, used 301K [0x12000000, 0x14340000, 0x20950000)
  eden space 28928K,   0% used [0x12000000, 0x12000000, 0x13c40000)
  from space 3584K,   8% used [0x13fc0000, 0x1400b738, 0x14340000)
  to   space 3584K,   0% used [0x13c40000, 0x13c40000, 0x13fc0000)
 tenured generation   total 72148K, used 46016K [0x20950000, 0x24fc5000, 0x3dc00000)
   the space 72148K,  63% used [0x20950000, 0x236403d8, 0x23640400, 0x24fc5000)
 Metaspace       used 53338K, capacity 55093K, committed 55168K, reserved 55680K
}
Event: 430.440 GC heap before
{Heap before GC invocations=251 (full 4):
 def new generation   total 32512K, used 29229K [0x12000000, 0x14340000, 0x20950000)
  eden space 28928K, 100% used [0x12000000, 0x13c40000, 0x13c40000)
  from space 3584K,   8% used [0x13fc0000, 0x1400b738, 0x14340000)
  to   space 3584K,   0% used [0x13c40000, 0x13c40000, 0x13fc0000)
 tenured generation   total 72148K, used 46016K [0x20950000, 0x24fc5000, 0x3dc00000)
   the space 72148K,  63% used [0x20950000, 0x236403d8, 0x23640400, 0x24fc5000)
 Metaspace       used 53338K, capacity 55093K, committed 55168K, reserved 55680K
Event: 430.444 GC heap after
Heap after GC invocations=252 (full 4):
 def new generation   total 32512K, used 487K [0x12000000, 0x14340000, 0x20950000)
  eden space 28928K,   0% used [0x12000000, 0x12000000, 0x13c40000)
  from space 3584K,  13% used [0x13c40000, 0x13cb9cf8, 0x13fc0000)
  to   space 3584K,   0% used [0x13fc0000, 0x13fc0000, 0x14340000)
 tenured generation   total 72148K, used 46016K [0x20950000, 0x24fc5000, 0x3dc00000)
   the space 72148K,  63% used [0x20950000, 0x236403d8, 0x23640400, 0x24fc5000)
 Metaspace       used 53338K, capacity 55093K, committed 55168K, reserved 55680K
}
Event: 430.531 GC heap before
{Heap before GC invocations=252 (full 4):
 def new generation   total 32512K, used 29415K [0x12000000, 0x14340000, 0x20950000)
  eden space 28928K, 100% used [0x12000000, 0x13c40000, 0x13c40000)
  from space 3584K,  13% used [0x13c40000, 0x13cb9cf8, 0x13fc0000)
  to   space 3584K,   0% used [0x13fc0000, 0x13fc0000, 0x14340000)
 tenured generation   total 72148K, used 46016K [0x20950000, 0x24fc5000, 0x3dc00000)
   the space 72148K,  63% used [0x20950000, 0x236403d8, 0x23640400, 0x24fc5000)
 Metaspace       used 53339K, capacity 55093K, committed 55168K, reserved 55680K
Event: 430.539 GC heap after
Heap after GC invocations=253 (full 4):
 def new generation   total 32512K, used 490K [0x12000000, 0x14340000, 0x20950000)
  eden space 28928K,   0% used [0x12000000, 0x12000000, 0x13c40000)
  from space 3584K,  13% used [0x13fc0000, 0x1403aa10, 0x14340000)
  to   space 3584K,   0% used [0x13c40000, 0x13c40000, 0x13fc0000)
 tenured generation   total 72148K, used 46016K [0x20950000, 0x24fc5000, 0x3dc00000)
   the space 72148K,  63% used [0x20950000, 0x236403d8, 0x23640400, 0x24fc5000)
 Metaspace       used 53339K, capacity 55093K, committed 55168K, reserved 55680K
}
Event: 431.688 GC heap before
{Heap before GC invocations=253 (full 4):
 def new generation   total 32512K, used 29411K [0x12000000, 0x14340000, 0x20950000)
  eden space 28928K,  99% used [0x12000000, 0x13c3e358, 0x13c40000)
  from space 3584K,  13% used [0x13fc0000, 0x1403aa10, 0x14340000)
  to   space 3584K,   0% used [0x13c40000, 0x13c40000, 0x13fc0000)
 tenured generation   total 72148K, used 46016K [0x20950000, 0x24fc5000, 0x3dc00000)
   the space 72148K,  63% used [0x20950000, 0x236403d8, 0x23640400, 0x24fc5000)
 Metaspace       used 53346K, capacity 55093K, committed 55168K, reserved 55680K
Event: 431.693 GC heap after
Heap after GC invocations=254 (full 4):
 def new generation   total 32512K, used 622K [0x12000000, 0x14340000, 0x20950000)
  eden space 28928K,   0% used [0x12000000, 0x12000000, 0x13c40000)
  from space 3584K,  17% used [0x13c40000, 0x13cdb8d0, 0x13fc0000)
  to   space 3584K,   0% used [0x13fc0000, 0x13fc0000, 0x14340000)
 tenured generation   total 72148K, used 46016K [0x20950000, 0x24fc5000, 0x3dc00000)
   the space 72148K,  63% used [0x20950000, 0x236403d8, 0x23640400, 0x24fc5000)
 Metaspace       used 53346K, capacity 55093K, committed 55168K, reserved 55680K
}

Deoptimization events (0 events):
No events

Internal exceptions (10 events):
Event: 431.490 Thread 0x4396ac00 Exception <a 'java/io/FileNotFoundException'> (0x13c10b00) thrown at [C:\Jenkins\workspace\DCEVM-8u152\jdk\JDK1.8.0_152-i586\k\product\oops\compressed\slave\dcevm-win\hotspot\src\share\vm\prims\jni.cpp, line 710]
Event: 431.490 Thread 0x4396f000 Exception <a 'java/io/FileNotFoundException'> (0x13c0e198) thrown at [C:\Jenkins\workspace\DCEVM-8u152\jdk\JDK1.8.0_152-i586\k\product\oops\compressed\slave\dcevm-win\hotspot\src\share\vm\prims\jni.cpp, line 710]
Event: 431.587 Thread 0x4396ec00 Exception <a 'java/io/FileNotFoundException'> (0x13c072e0) thrown at [C:\Jenkins\workspace\DCEVM-8u152\jdk\JDK1.8.0_152-i586\k\product\oops\compressed\slave\dcevm-win\hotspot\src\share\vm\prims\jni.cpp, line 710]
Event: 431.587 Thread 0x4396b400 Exception <a 'java/io/FileNotFoundException'> (0x13c09c48) thrown at [C:\Jenkins\workspace\DCEVM-8u152\jdk\JDK1.8.0_152-i586\k\product\oops\compressed\slave\dcevm-win\hotspot\src\share\vm\prims\jni.cpp, line 710]
Event: 431.591 Thread 0x4396ac00 Exception <a 'java/io/FileNotFoundException'> (0x13c11880) thrown at [C:\Jenkins\workspace\DCEVM-8u152\jdk\JDK1.8.0_152-i586\k\product\oops\compressed\slave\dcevm-win\hotspot\src\share\vm\prims\jni.cpp, line 710]
Event: 431.591 Thread 0x43967c00 Exception <a 'java/io/FileNotFoundException'> (0x13c0c5b0) thrown at [C:\Jenkins\workspace\DCEVM-8u152\jdk\JDK1.8.0_152-i586\k\product\oops\compressed\slave\dcevm-win\hotspot\src\share\vm\prims\jni.cpp, line 710]
Event: 431.591 Thread 0x4396f000 Exception <a 'java/io/FileNotFoundException'> (0x13c0ef18) thrown at [C:\Jenkins\workspace\DCEVM-8u152\jdk\JDK1.8.0_152-i586\k\product\oops\compressed\slave\dcevm-win\hotspot\src\share\vm\prims\jni.cpp, line 710]
Event: 431.735 Thread 0x43967c00 Exception <a 'java/lang/reflect/InvocationTargetException'> (0x1216e3d8) thrown at [C:\Jenkins\workspace\DCEVM-8u152\jdk\JDK1.8.0_152-i586\k\product\oops\compressed\slave\dcevm-win\hotspot\src\share\vm\runtime\reflection.cpp, line 1098]
Event: 431.789 Thread 0x43967c00 Exception <a 'java/lang/reflect/InvocationTargetException'> (0x12314390) thrown at [C:\Jenkins\workspace\DCEVM-8u152\jdk\JDK1.8.0_152-i586\k\product\oops\compressed\slave\dcevm-win\hotspot\src\share\vm\runtime\reflection.cpp, line 1098]
Event: 431.890 Thread 0x4396ec00 Exception <a 'java/lang/reflect/InvocationTargetException'> (0x1244fd50) thrown at [C:\Jenkins\workspace\DCEVM-8u152\jdk\JDK1.8.0_152-i586\k\product\oops\compressed\slave\dcevm-win\hotspot\src\share\vm\runtime\reflection.cpp, line 1098]

Events (10 events):
Event: 432.307 Executing VM operation: RevokeBias done
Event: 432.307 Thread 0x43968c00 Thread exited: 0x43968c00
Event: 432.308 Executing VM operation: ForceSafepoint
Event: 432.309 Executing VM operation: ForceSafepoint done
Event: 432.309 Thread 0x3e19f400 DEOPT PACKING pc=0x031554b4 sp=0x3e7ce540
Event: 432.309 Thread 0x3e19f400 DEOPT UNPACKING pc=0x02afc5ab sp=0x3e7ce4cc mode 0
Event: 432.309 Thread 0x3e19f400 DEOPT PACKING pc=0x02b95408 sp=0x3e7ce690
Event: 432.309 Thread 0x3e19f400 DEOPT UNPACKING pc=0x02afc5ab sp=0x3e7ce528 mode 0
Event: 432.309 Thread 0x3e19f400 DEOPT PACKING pc=0x02b95874 sp=0x3e7ce6f0
Event: 432.309 Thread 0x3e19f400 DEOPT UNPACKING pc=0x02afc5ab sp=0x3e7ce59c mode 0


Dynamic libraries:
0x00d40000 - 0x00d73000 	C:\Program Files (x86)\Java\jdk1.8.0_181\bin\java.exe
0x77020000 - 0x771b0000 	C:\Windows\SYSTEM32\ntdll.dll
0x746b0000 - 0x74790000 	C:\Windows\System32\KERNEL32.DLL
0x73860000 - 0x73870000 	C:\Program Files\AVAST Software\Avast\x86\aswhook.dll
0x74130000 - 0x74314000 	C:\Windows\System32\KERNELBASE.dll
0x72f70000 - 0x7300d000 	C:\Windows\SYSTEM32\apphelp.dll
0x76eb0000 - 0x76f28000 	C:\Windows\System32\ADVAPI32.dll
0x74a00000 - 0x74abf000 	C:\Windows\System32\msvcrt.dll
0x74650000 - 0x74694000 	C:\Windows\System32\sechost.dll
0x753d0000 - 0x75490000 	C:\Windows\System32\RPCRT4.dll
0x738e0000 - 0x73900000 	C:\Windows\System32\SspiCli.dll
0x738d0000 - 0x738da000 	C:\Windows\System32\CRYPTBASE.dll
0x76df0000 - 0x76e48000 	C:\Windows\System32\bcryptPrimitives.dll
0x751e0000 - 0x7536d000 	C:\Windows\System32\USER32.dll
0x751c0000 - 0x751d7000 	C:\Windows\System32\win32u.dll
0x74620000 - 0x74642000 	C:\Windows\System32\GDI32.dll
0x74890000 - 0x749f4000 	C:\Windows\System32\gdi32full.dll
0x75490000 - 0x7550d000 	C:\Windows\System32\msvcp_win.dll
0x74010000 - 0x7412d000 	C:\Windows\System32\ucrtbase.dll
0x73120000 - 0x73324000 	C:\Windows\WinSxS\x86_microsoft.windows.common-controls_6595b64144ccf1df_6.0.17134.829_none_42f3dc1e44dde2db\COMCTL32.dll
0x76a40000 - 0x76c9c000 	C:\Windows\System32\combase.dll
0x76cc0000 - 0x76ce6000 	C:\Windows\System32\IMM32.DLL
0x6af30000 - 0x6afef000 	C:\Program Files (x86)\Java\jdk1.8.0_181\jre\bin\msvcr100.dll
0x68db0000 - 0x693a2000 	C:\Program Files (x86)\Java\jdk1.8.0_181\jre\bin\dcevm\jvm.dll
0x753c0000 - 0x753c6000 	C:\Windows\System32\PSAPI.DLL
0x73870000 - 0x73878000 	C:\Windows\SYSTEM32\WSOCK32.dll
0x744d0000 - 0x74537000 	C:\Windows\System32\WS2_32.dll
0x70700000 - 0x70724000 	C:\Windows\SYSTEM32\WINMM.dll
0x738a0000 - 0x738a8000 	C:\Windows\SYSTEM32\VERSION.dll
0x705b0000 - 0x705d3000 	C:\Windows\SYSTEM32\WINMMBASE.dll
0x73900000 - 0x73939000 	C:\Windows\System32\cfgmgr32.dll
0x72440000 - 0x7244c000 	C:\Program Files (x86)\Java\jdk1.8.0_181\jre\bin\verify.dll
0x6af00000 - 0x6af22000 	C:\Program Files (x86)\Java\jdk1.8.0_181\jre\bin\java.dll
0x6aed0000 - 0x6aefb000 	C:\Program Files (x86)\Java\jdk1.8.0_181\jre\bin\jdwp.dll
0x6df40000 - 0x6df47000 	C:\Program Files (x86)\Java\jdk1.8.0_181\jre\bin\npt.dll
0x6b710000 - 0x6b730000 	C:\Program Files (x86)\Java\jdk1.8.0_181\jre\bin\instrument.dll
0x72420000 - 0x72434000 	C:\Program Files (x86)\Java\jdk1.8.0_181\jre\bin\zip.dll
0x75510000 - 0x7685a000 	C:\Windows\System32\SHELL32.dll
0x74790000 - 0x74818000 	C:\Windows\System32\shcore.dll
0x739c0000 - 0x73f7a000 	C:\Windows\System32\windows.storage.dll
0x75370000 - 0x753b5000 	C:\Windows\System32\shlwapi.dll
0x73990000 - 0x7399f000 	C:\Windows\System32\kernel.appcore.dll
0x76ca0000 - 0x76cb8000 	C:\Windows\System32\profapi.dll
0x76860000 - 0x768a5000 	C:\Windows\System32\powrprof.dll
0x74820000 - 0x74828000 	C:\Windows\System32\FLTLIB.DLL
0x6ae90000 - 0x6ae98000 	C:\Program Files (x86)\Java\jdk1.8.0_181\jre\bin\dt_socket.dll
0x70530000 - 0x70586000 	C:\Windows\system32\mswsock.dll
0x6aeb0000 - 0x6aec5000 	C:\Program Files (x86)\Java\jdk1.8.0_181\jre\bin\net.dll
0x6aea0000 - 0x6aeaf000 	C:\Program Files (x86)\Java\jdk1.8.0_181\jre\bin\nio.dll
0x6ae80000 - 0x6ae8a000 	C:\Program Files (x86)\Java\jdk1.8.0_181\jre\bin\management.dll
0x6a7e0000 - 0x6a7f1000 	C:\Windows\system32\napinsp.dll
0x6a7c0000 - 0x6a7d6000 	C:\Windows\system32\pnrpnsp.dll
0x6a7a0000 - 0x6a7b3000 	C:\Windows\system32\NLAapi.dll
0x70430000 - 0x704be000 	C:\Windows\SYSTEM32\DNSAPI.dll
0x746a0000 - 0x746a7000 	C:\Windows\System32\NSI.dll
0x704f0000 - 0x70520000 	C:\Windows\SYSTEM32\IPHLPAPI.DLL
0x6a790000 - 0x6a79c000 	C:\Windows\System32\winrnr.dll
0x6a770000 - 0x6a781000 	C:\Windows\System32\wshbth.dll
0x6e890000 - 0x6e898000 	C:\Windows\System32\rasadhlp.dll
0x6e840000 - 0x6e88f000 	C:\Windows\System32\fwpuclnt.dll
0x70750000 - 0x70769000 	C:\Windows\SYSTEM32\bcrypt.dll
0x72e60000 - 0x72e73000 	C:\Windows\SYSTEM32\CRYPTSP.dll
0x72e30000 - 0x72e5f000 	C:\Windows\system32\rsaenh.dll
0x73330000 - 0x73351000 	C:\Windows\SYSTEM32\USERENV.dll
0x6e000000 - 0x6e013000 	C:\Windows\SYSTEM32\dhcpcsvc6.DLL
0x72450000 - 0x72464000 	C:\Windows\SYSTEM32\dhcpcsvc.DLL
0x6a620000 - 0x6a767000 	C:\Program Files (x86)\Java\jdk1.8.0_181\jre\bin\awt.dll
0x76910000 - 0x769a6000 	C:\Windows\System32\OLEAUT32.dll
0x71130000 - 0x71153000 	C:\Windows\system32\DWMAPI.DLL
0x730a0000 - 0x7311c000 	C:\Windows\system32\uxtheme.dll
0x75070000 - 0x751b3000 	C:\Windows\System32\MSCTF.dll
0x76cf0000 - 0x76dec000 	C:\Windows\System32\ole32.dll
0x72840000 - 0x729c2000 	C:\Windows\SYSTEM32\dbghelp.dll

VM Arguments:
jvm_args: -agentlib:jdwp=transport=dt_socket,address=127.0.0.1:57180,suspend=y,server=n -javaagent:D:\Programas\Java Agent\hotswap-agent-1.3.0.jar=autoHotswap=true -XX:TieredStopAtLevel=1 -Xverify:none -Dspring.output.ansi.enabled=always -Dcom.sun.management.jmxremote -Dcom.sun.management.jmxremote.port=57179 -Dcom.sun.management.jmxremote.authenticate=false -Dcom.sun.management.jmxremote.ssl=false -Djava.rmi.server.hostname=localhost -Dspring.liveBeansView.mbeanDomain -Dspring.application.admin.enabled=true -javaagent:C:\Users\CACHOR~1\AppData\Local\Temp\capturejars\debugger-agent.jar=file:/C:/Users/CACHOR~1/AppData/Local/Temp/capture525.props -Dfile.encoding=UTF-8 
java_command: com.gmail.cachorios.Application
java_class_path (initial): C:\Program Files (x86)\Java\jdk1.8.0_181\jre\lib\charsets.jar;C:\Program Files (x86)\Java\jdk1.8.0_181\jre\lib\deploy.jar;C:\Program Files (x86)\Java\jdk1.8.0_181\jre\lib\ext\access-bridge-32.jar;C:\Program Files (x86)\Java\jdk1.8.0_181\jre\lib\ext\cldrdata.jar;C:\Program Files (x86)\Java\jdk1.8.0_181\jre\lib\ext\dnsns.jar;C:\Program Files (x86)\Java\jdk1.8.0_181\jre\lib\ext\jaccess.jar;C:\Program Files (x86)\Java\jdk1.8.0_181\jre\lib\ext\jfxrt.jar;C:\Program Files (x86)\Java\jdk1.8.0_181\jre\lib\ext\localedata.jar;C:\Program Files (x86)\Java\jdk1.8.0_181\jre\lib\ext\nashorn.jar;C:\Program Files (x86)\Java\jdk1.8.0_181\jre\lib\ext\sunec.jar;C:\Program Files (x86)\Java\jdk1.8.0_181\jre\lib\ext\sunjce_provider.jar;C:\Program Files (x86)\Java\jdk1.8.0_181\jre\lib\ext\sunmscapi.jar;C:\Program Files (x86)\Java\jdk1.8.0_181\jre\lib\ext\sunpkcs11.jar;C:\Program Files (x86)\Java\jdk1.8.0_181\jre\lib\ext\zipfs.jar;C:\Program Files (x86)\Java\jdk1.8.0_181\jre\lib\javaws.jar;C:\Program Files (x86)\Java\jdk1.8.0_181\jre\lib\jce.jar;C:\Program Files (x86)\Java\jdk1.8.0_181\jre\lib\jfr.jar;C:\Program Files (x86)\Java\jdk1.8.0_181\jre\lib\jfxswt.jar;C:\Program Files (x86)\Java\jdk1.8.0_181\jre\lib\jsse.jar;C:\Program Files (x86)\Java\jdk1.8.0_181\jre\lib\management-agent.jar;C:\Program Files (x86)\Java\jdk1.8.0_181\jre\lib\plugin.jar;C:\Program Files (x86)\Java\jdk1.8.0_181\jre\lib\resources.jar;C:\Program Files (x86)\Java\jdk1.8.0_181\jre\lib\rt.jar;D:\Vaadin\DejosVaadin\target\classes;C:\Users\Cacho Rios\.m2\repository\javax\servlet\javax.servlet-api\3.1.0\javax.servlet-api-3.1.0.jar;C:\Users\Cacho Rios\.m2\repository\commons-logging\commons-logging\1.1.1\commons-logging-1.1.1.jar;C:\Users\Cacho Rios\.m2\repository\com\vaadin\vaadin\13.0.8\vaadin-13.0.8.jar;C:\Users\Cacho Rios\.m2\repository\com\vaadin\vaadin-core\13.0.8\vaadin-core-13.0.8.jar;C:\Users\Cacho Rios\.m2\repository\com\vaadin\flow-html-components\1.4.5\flow-html-components-1.4.5.jar;C:\U
Launcher Type: SUN_STANDARD

Environment Variables:
PATH=C:\Program Files (x86)\Common Files\Oracle\Java\javapath;C:\Windows\system32;C:\Windows;C:\Windows\System32\Wbem;C:\Windows\System32\WindowsPowerShell\v1.0\;C:\Windows\System32\OpenSSH\;C:\Program Files (x86)\Git\cmd;C:\xampp\php;C:\Program Files (x86)\PostgreSQL\10\bin;C:\Users\Cacho Rios\AppData\Local\Microsoft\WindowsApps;
USERNAME=Cacho Rios
OS=Windows_NT
PROCESSOR_IDENTIFIER=Intel64 Family 6 Model 58 Stepping 9, GenuineIntel



---------------  S Y S T E M  ---------------

OS: Windows 10.0 , 64 bit Build 17134 (10.0.17134.753)

CPU:total 8 (initial active 8) (4 cores per cpu, 2 threads per core) family 6 model 58 stepping 9, cmov, cx8, fxsr, mmx, sse, sse2, sse3, ssse3, sse4.1, sse4.2, popcnt, avx, aes, clmul, erms, ht, tsc, tscinvbit, tscinv

Memory: 4k page, physical 8281832k(4327928k free), swap 9592552k(5327792k free)

vm_info: Dynamic Code Evolution Server VM (25.71-b01-dcevmlight-30) for windows-x86 JRE (1.8.0), built on Feb 14 2018 07:15:28 by "Administrator" with MS VC++ 10.0 (VS2010)

time: Tue Jun 18 16:28:12 2019
elapsed time: 432 seconds (0d 0h 7m 12s)

